2015-10-26 12:26:23,691 - Log4JLogChute initialized using file 'velocity.log'
2015-10-26 12:26:23,693 - Velocity was not initialized! Calling init()...
2015-10-26 12:26:23,693 - Starting Apache Velocity v1.5 (compiled: 2007-02-22 08:52:29)
2015-10-26 12:26:23,693 - Default Properties File: org/apache/velocity/runtime/defaults/velocity.properties
2015-10-26 12:26:23,693 - Trying to use logger class org.apache.velocity.runtime.log.AvalonLogChute
2015-10-26 12:26:23,695 - Couldn't find class org.apache.velocity.runtime.log.AvalonLogChute or necessary supporting classes in classpath.
java.lang.NoClassDefFoundError: org/apache/log/format/Formatter
	at java.lang.Class.forName0(Native Method)
	at java.lang.Class.forName(Class.java:348)
	at org.apache.velocity.util.ClassUtils.getClass(ClassUtils.java:63)
	at org.apache.velocity.util.ClassUtils.getNewInstance(ClassUtils.java:95)
	at org.apache.velocity.runtime.log.LogManager.createLogChute(LogManager.java:147)
	at org.apache.velocity.runtime.log.LogManager.updateLog(LogManager.java:208)
	at org.apache.velocity.runtime.RuntimeInstance.initializeLog(RuntimeInstance.java:728)
	at org.apache.velocity.runtime.RuntimeInstance.init(RuntimeInstance.java:240)
	at org.apache.velocity.runtime.RuntimeInstance.parse(RuntimeInstance.java:993)
	at org.apache.velocity.runtime.RuntimeInstance.parse(RuntimeInstance.java:972)
	at org.apache.velocity.runtime.RuntimeSingleton.parse(RuntimeSingleton.java:265)
	at org.apache.velocity.app.Velocity.evaluate(Velocity.java:274)
	at org.sonatype.mavenbook.weather.WeatherFormatter.format(WeatherFormatter.java:23)
	at org.sonatype.mavenbook.weather.Main.start(Main.java:41)
	at org.sonatype.mavenbook.weather.Main.main(Main.java:24)
	at sun.reflect.NativeMethodAccessorImpl.invoke0(Native Method)
	at sun.reflect.NativeMethodAccessorImpl.invoke(NativeMethodAccessorImpl.java:62)
	at sun.reflect.DelegatingMethodAccessorImpl.invoke(DelegatingMethodAccessorImpl.java:43)
	at java.lang.reflect.Method.invoke(Method.java:497)
	at org.codehaus.mojo.exec.ExecJavaMojo$1.run(ExecJavaMojo.java:293)
	at java.lang.Thread.run(Thread.java:745)
Caused by: java.lang.ClassNotFoundException: org.apache.log.format.Formatter
	at java.net.URLClassLoader.findClass(URLClassLoader.java:381)
	at java.lang.ClassLoader.loadClass(ClassLoader.java:424)
	at java.lang.ClassLoader.loadClass(ClassLoader.java:357)
	... 21 more
2015-10-26 12:26:23,697 - Trying to use logger class org.apache.velocity.runtime.log.Log4JLogChute
2015-10-26 12:26:23,697 - Using logger class org.apache.velocity.runtime.log.Log4JLogChute
2015-10-26 12:26:23,700 - Default ResourceManager initializing. (class org.apache.velocity.runtime.resource.ResourceManagerImpl)
2015-10-26 12:26:23,704 - ResourceLoader instantiated: org.apache.velocity.runtime.resource.loader.FileResourceLoader
2015-10-26 12:26:23,706 - Do unicode file recognition:  false
2015-10-26 12:26:23,706 - FileResourceLoader : adding path '.'
2015-10-26 12:26:23,723 - ResourceCache: initialized (class org.apache.velocity.runtime.resource.ResourceCacheImpl)
2015-10-26 12:26:23,724 - Loaded System Directive: org.apache.velocity.runtime.directive.Literal
2015-10-26 12:26:23,726 - Loaded System Directive: org.apache.velocity.runtime.directive.Macro
2015-10-26 12:26:23,728 - Loaded System Directive: org.apache.velocity.runtime.directive.Parse
2015-10-26 12:26:23,730 - Loaded System Directive: org.apache.velocity.runtime.directive.Include
2015-10-26 12:26:23,731 - Loaded System Directive: org.apache.velocity.runtime.directive.Foreach
2015-10-26 12:26:23,760 - Created '20' parsers.
2015-10-26 12:26:23,766 - Velocimacro : "velocimacro.library" is not set.  Trying default library: VM_global_library.vm
2015-10-26 12:26:23,766 - Velocimacro : Default library not found.
2015-10-26 12:26:23,767 - Velocimacro : allowInline = true : VMs can be defined inline in templates
2015-10-26 12:26:23,767 - Velocimacro : allowInlineToOverride = false : VMs defined inline may NOT replace previous VM definitions
2015-10-26 12:26:23,767 - Velocimacro : allowInlineLocal = false : VMs defined inline will be global in scope if allowed.
2015-10-26 12:26:23,767 - Velocimacro : autoload off : VM system will not automatically reload global library macros
2015-10-26 12:26:46,163 - Log4JLogChute initialized using file 'velocity.log'
2015-10-26 12:26:46,165 - Velocity was not initialized! Calling init()...
2015-10-26 12:26:46,165 - Starting Apache Velocity v1.5 (compiled: 2007-02-22 08:52:29)
2015-10-26 12:26:46,165 - Default Properties File: org/apache/velocity/runtime/defaults/velocity.properties
2015-10-26 12:26:46,165 - Trying to use logger class org.apache.velocity.runtime.log.AvalonLogChute
2015-10-26 12:26:46,167 - Couldn't find class org.apache.velocity.runtime.log.AvalonLogChute or necessary supporting classes in classpath.
java.lang.NoClassDefFoundError: org/apache/log/format/Formatter
	at java.lang.Class.forName0(Native Method)
	at java.lang.Class.forName(Class.java:348)
	at org.apache.velocity.util.ClassUtils.getClass(ClassUtils.java:63)
	at org.apache.velocity.util.ClassUtils.getNewInstance(ClassUtils.java:95)
	at org.apache.velocity.runtime.log.LogManager.createLogChute(LogManager.java:147)
	at org.apache.velocity.runtime.log.LogManager.updateLog(LogManager.java:208)
	at org.apache.velocity.runtime.RuntimeInstance.initializeLog(RuntimeInstance.java:728)
	at org.apache.velocity.runtime.RuntimeInstance.init(RuntimeInstance.java:240)
	at org.apache.velocity.runtime.RuntimeInstance.parse(RuntimeInstance.java:993)
	at org.apache.velocity.runtime.RuntimeInstance.parse(RuntimeInstance.java:972)
	at org.apache.velocity.runtime.RuntimeSingleton.parse(RuntimeSingleton.java:265)
	at org.apache.velocity.app.Velocity.evaluate(Velocity.java:274)
	at org.sonatype.mavenbook.weather.WeatherFormatter.format(WeatherFormatter.java:23)
	at org.sonatype.mavenbook.weather.Main.start(Main.java:41)
	at org.sonatype.mavenbook.weather.Main.main(Main.java:24)
	at sun.reflect.NativeMethodAccessorImpl.invoke0(Native Method)
	at sun.reflect.NativeMethodAccessorImpl.invoke(NativeMethodAccessorImpl.java:62)
	at sun.reflect.DelegatingMethodAccessorImpl.invoke(DelegatingMethodAccessorImpl.java:43)
	at java.lang.reflect.Method.invoke(Method.java:497)
	at org.codehaus.mojo.exec.ExecJavaMojo$1.run(ExecJavaMojo.java:293)
	at java.lang.Thread.run(Thread.java:745)
Caused by: java.lang.ClassNotFoundException: org.apache.log.format.Formatter
	at java.net.URLClassLoader.findClass(URLClassLoader.java:381)
	at java.lang.ClassLoader.loadClass(ClassLoader.java:424)
	at java.lang.ClassLoader.loadClass(ClassLoader.java:357)
	... 21 more
2015-10-26 12:26:46,169 - Trying to use logger class org.apache.velocity.runtime.log.Log4JLogChute
2015-10-26 12:26:46,169 - Using logger class org.apache.velocity.runtime.log.Log4JLogChute
2015-10-26 12:26:46,172 - Default ResourceManager initializing. (class org.apache.velocity.runtime.resource.ResourceManagerImpl)
2015-10-26 12:26:46,177 - ResourceLoader instantiated: org.apache.velocity.runtime.resource.loader.FileResourceLoader
2015-10-26 12:26:46,179 - Do unicode file recognition:  false
2015-10-26 12:26:46,179 - FileResourceLoader : adding path '.'
2015-10-26 12:26:46,197 - ResourceCache: initialized (class org.apache.velocity.runtime.resource.ResourceCacheImpl)
2015-10-26 12:26:46,201 - Loaded System Directive: org.apache.velocity.runtime.directive.Literal
2015-10-26 12:26:46,203 - Loaded System Directive: org.apache.velocity.runtime.directive.Macro
2015-10-26 12:26:46,205 - Loaded System Directive: org.apache.velocity.runtime.directive.Parse
2015-10-26 12:26:46,214 - Loaded System Directive: org.apache.velocity.runtime.directive.Include
2015-10-26 12:26:46,216 - Loaded System Directive: org.apache.velocity.runtime.directive.Foreach
2015-10-26 12:26:46,256 - Created '20' parsers.
2015-10-26 12:26:46,263 - Velocimacro : "velocimacro.library" is not set.  Trying default library: VM_global_library.vm
2015-10-26 12:26:46,263 - Velocimacro : Default library not found.
2015-10-26 12:26:46,263 - Velocimacro : allowInline = true : VMs can be defined inline in templates
2015-10-26 12:26:46,263 - Velocimacro : allowInlineToOverride = false : VMs defined inline may NOT replace previous VM definitions
2015-10-26 12:26:46,264 - Velocimacro : allowInlineLocal = false : VMs defined inline will be global in scope if allowed.
2015-10-26 12:26:46,264 - Velocimacro : autoload off : VM system will not automatically reload global library macros
2015-10-26 12:38:40,509 - Log4JLogChute initialized using file 'velocity.log'
2015-10-26 12:38:40,511 - Velocity was not initialized! Calling init()...
2015-10-26 12:38:40,511 - Starting Apache Velocity v1.5 (compiled: 2007-02-22 08:52:29)
2015-10-26 12:38:40,511 - Default Properties File: org/apache/velocity/runtime/defaults/velocity.properties
2015-10-26 12:38:40,511 - Trying to use logger class org.apache.velocity.runtime.log.AvalonLogChute
2015-10-26 12:38:40,513 - Couldn't find class org.apache.velocity.runtime.log.AvalonLogChute or necessary supporting classes in classpath.
java.lang.NoClassDefFoundError: org/apache/log/format/Formatter
	at java.lang.Class.forName0(Native Method)
	at java.lang.Class.forName(Class.java:348)
	at org.apache.velocity.util.ClassUtils.getClass(ClassUtils.java:63)
	at org.apache.velocity.util.ClassUtils.getNewInstance(ClassUtils.java:95)
	at org.apache.velocity.runtime.log.LogManager.createLogChute(LogManager.java:147)
	at org.apache.velocity.runtime.log.LogManager.updateLog(LogManager.java:208)
	at org.apache.velocity.runtime.RuntimeInstance.initializeLog(RuntimeInstance.java:728)
	at org.apache.velocity.runtime.RuntimeInstance.init(RuntimeInstance.java:240)
	at org.apache.velocity.runtime.RuntimeInstance.parse(RuntimeInstance.java:993)
	at org.apache.velocity.runtime.RuntimeInstance.parse(RuntimeInstance.java:972)
	at org.apache.velocity.runtime.RuntimeSingleton.parse(RuntimeSingleton.java:265)
	at org.apache.velocity.app.Velocity.evaluate(Velocity.java:274)
	at org.sonatype.mavenbook.weather.WeatherFormatter.format(WeatherFormatter.java:23)
	at org.sonatype.mavenbook.weather.yahoo.WeatherFormatterTest.testFormat(WeatherFormatterTest.java:23)
	at sun.reflect.NativeMethodAccessorImpl.invoke0(Native Method)
	at sun.reflect.NativeMethodAccessorImpl.invoke(NativeMethodAccessorImpl.java:62)
	at sun.reflect.DelegatingMethodAccessorImpl.invoke(DelegatingMethodAccessorImpl.java:43)
	at java.lang.reflect.Method.invoke(Method.java:497)
	at junit.framework.TestCase.runTest(TestCase.java:154)
	at junit.framework.TestCase.runBare(TestCase.java:127)
	at junit.framework.TestResult$1.protect(TestResult.java:106)
	at junit.framework.TestResult.runProtected(TestResult.java:124)
	at junit.framework.TestResult.run(TestResult.java:109)
	at junit.framework.TestCase.run(TestCase.java:118)
	at junit.framework.TestSuite.runTest(TestSuite.java:208)
	at junit.framework.TestSuite.run(TestSuite.java:203)
	at sun.reflect.NativeMethodAccessorImpl.invoke0(Native Method)
	at sun.reflect.NativeMethodAccessorImpl.invoke(NativeMethodAccessorImpl.java:62)
	at sun.reflect.DelegatingMethodAccessorImpl.invoke(DelegatingMethodAccessorImpl.java:43)
	at java.lang.reflect.Method.invoke(Method.java:497)
	at org.apache.maven.surefire.junit.JUnitTestSet.execute(JUnitTestSet.java:96)
	at org.apache.maven.surefire.junit.JUnit3Provider.executeTestSet(JUnit3Provider.java:117)
	at org.apache.maven.surefire.junit.JUnit3Provider.invoke(JUnit3Provider.java:94)
	at sun.reflect.NativeMethodAccessorImpl.invoke0(Native Method)
	at sun.reflect.NativeMethodAccessorImpl.invoke(NativeMethodAccessorImpl.java:62)
	at sun.reflect.DelegatingMethodAccessorImpl.invoke(DelegatingMethodAccessorImpl.java:43)
	at java.lang.reflect.Method.invoke(Method.java:497)
	at org.apache.maven.surefire.util.ReflectionUtils.invokeMethodWithArray(ReflectionUtils.java:164)
	at org.apache.maven.surefire.booter.ProviderFactory$ProviderProxy.invoke(ProviderFactory.java:110)
	at org.apache.maven.surefire.booter.SurefireStarter.invokeProvider(SurefireStarter.java:175)
	at org.apache.maven.surefire.booter.SurefireStarter.runSuitesInProcessWhenForked(SurefireStarter.java:107)
	at org.apache.maven.surefire.booter.ForkedBooter.main(ForkedBooter.java:68)
Caused by: java.lang.ClassNotFoundException: org.apache.log.format.Formatter
	at java.net.URLClassLoader.findClass(URLClassLoader.java:381)
	at java.lang.ClassLoader.loadClass(ClassLoader.java:424)
	at sun.misc.Launcher$AppClassLoader.loadClass(Launcher.java:331)
	at java.lang.ClassLoader.loadClass(ClassLoader.java:357)
	... 42 more
2015-10-26 12:38:40,517 - Trying to use logger class org.apache.velocity.runtime.log.Log4JLogChute
2015-10-26 12:38:40,517 - Using logger class org.apache.velocity.runtime.log.Log4JLogChute
2015-10-26 12:38:40,520 - Default ResourceManager initializing. (class org.apache.velocity.runtime.resource.ResourceManagerImpl)
2015-10-26 12:38:40,524 - ResourceLoader instantiated: org.apache.velocity.runtime.resource.loader.FileResourceLoader
2015-10-26 12:38:40,526 - Do unicode file recognition:  false
2015-10-26 12:38:40,526 - FileResourceLoader : adding path '.'
2015-10-26 12:38:40,537 - ResourceCache: initialized (class org.apache.velocity.runtime.resource.ResourceCacheImpl)
2015-10-26 12:38:40,538 - Loaded System Directive: org.apache.velocity.runtime.directive.Literal
2015-10-26 12:38:40,539 - Loaded System Directive: org.apache.velocity.runtime.directive.Macro
2015-10-26 12:38:40,540 - Loaded System Directive: org.apache.velocity.runtime.directive.Parse
2015-10-26 12:38:40,542 - Loaded System Directive: org.apache.velocity.runtime.directive.Include
2015-10-26 12:38:40,542 - Loaded System Directive: org.apache.velocity.runtime.directive.Foreach
2015-10-26 12:38:40,565 - Created '20' parsers.
2015-10-26 12:38:40,572 - Velocimacro : "velocimacro.library" is not set.  Trying default library: VM_global_library.vm
2015-10-26 12:38:40,572 - Velocimacro : Default library not found.
2015-10-26 12:38:40,572 - Velocimacro : allowInline = true : VMs can be defined inline in templates
2015-10-26 12:38:40,572 - Velocimacro : allowInlineToOverride = false : VMs defined inline may NOT replace previous VM definitions
2015-10-26 12:38:40,573 - Velocimacro : allowInlineLocal = false : VMs defined inline will be global in scope if allowed.
2015-10-26 12:38:40,573 - Velocimacro : autoload off : VM system will not automatically reload global library macros
2015-10-26 12:54:24,246 - Log4JLogChute initialized using file 'velocity.log'
2015-10-26 12:54:24,247 - Velocity was not initialized! Calling init()...
2015-10-26 12:54:24,247 - Starting Apache Velocity v1.5 (compiled: 2007-02-22 08:52:29)
2015-10-26 12:54:24,247 - Default Properties File: org/apache/velocity/runtime/defaults/velocity.properties
2015-10-26 12:54:24,247 - Trying to use logger class org.apache.velocity.runtime.log.AvalonLogChute
2015-10-26 12:54:24,249 - Couldn't find class org.apache.velocity.runtime.log.AvalonLogChute or necessary supporting classes in classpath.
java.lang.NoClassDefFoundError: org/apache/log/format/Formatter
	at java.lang.Class.forName0(Native Method)
	at java.lang.Class.forName(Class.java:348)
	at org.apache.velocity.util.ClassUtils.getClass(ClassUtils.java:63)
	at org.apache.velocity.util.ClassUtils.getNewInstance(ClassUtils.java:95)
	at org.apache.velocity.runtime.log.LogManager.createLogChute(LogManager.java:147)
	at org.apache.velocity.runtime.log.LogManager.updateLog(LogManager.java:208)
	at org.apache.velocity.runtime.RuntimeInstance.initializeLog(RuntimeInstance.java:728)
	at org.apache.velocity.runtime.RuntimeInstance.init(RuntimeInstance.java:240)
	at org.apache.velocity.runtime.RuntimeInstance.parse(RuntimeInstance.java:993)
	at org.apache.velocity.runtime.RuntimeInstance.parse(RuntimeInstance.java:972)
	at org.apache.velocity.runtime.RuntimeSingleton.parse(RuntimeSingleton.java:265)
	at org.apache.velocity.app.Velocity.evaluate(Velocity.java:274)
	at org.sonatype.mavenbook.weather.WeatherFormatter.format(WeatherFormatter.java:23)
	at org.sonatype.mavenbook.weather.yahoo.WeatherFormatterTest.testFormat(WeatherFormatterTest.java:23)
	at sun.reflect.NativeMethodAccessorImpl.invoke0(Native Method)
	at sun.reflect.NativeMethodAccessorImpl.invoke(NativeMethodAccessorImpl.java:62)
	at sun.reflect.DelegatingMethodAccessorImpl.invoke(DelegatingMethodAccessorImpl.java:43)
	at java.lang.reflect.Method.invoke(Method.java:497)
	at junit.framework.TestCase.runTest(TestCase.java:154)
	at junit.framework.TestCase.runBare(TestCase.java:127)
	at junit.framework.TestResult$1.protect(TestResult.java:106)
	at junit.framework.TestResult.runProtected(TestResult.java:124)
	at junit.framework.TestResult.run(TestResult.java:109)
	at junit.framework.TestCase.run(TestCase.java:118)
	at junit.framework.TestSuite.runTest(TestSuite.java:208)
	at junit.framework.TestSuite.run(TestSuite.java:203)
	at sun.reflect.NativeMethodAccessorImpl.invoke0(Native Method)
	at sun.reflect.NativeMethodAccessorImpl.invoke(NativeMethodAccessorImpl.java:62)
	at sun.reflect.DelegatingMethodAccessorImpl.invoke(DelegatingMethodAccessorImpl.java:43)
	at java.lang.reflect.Method.invoke(Method.java:497)
	at org.apache.maven.surefire.junit.JUnitTestSet.execute(JUnitTestSet.java:96)
	at org.apache.maven.surefire.junit.JUnit3Provider.executeTestSet(JUnit3Provider.java:117)
	at org.apache.maven.surefire.junit.JUnit3Provider.invoke(JUnit3Provider.java:94)
	at sun.reflect.NativeMethodAccessorImpl.invoke0(Native Method)
	at sun.reflect.NativeMethodAccessorImpl.invoke(NativeMethodAccessorImpl.java:62)
	at sun.reflect.DelegatingMethodAccessorImpl.invoke(DelegatingMethodAccessorImpl.java:43)
	at java.lang.reflect.Method.invoke(Method.java:497)
	at org.apache.maven.surefire.util.ReflectionUtils.invokeMethodWithArray(ReflectionUtils.java:164)
	at org.apache.maven.surefire.booter.ProviderFactory$ProviderProxy.invoke(ProviderFactory.java:110)
	at org.apache.maven.surefire.booter.SurefireStarter.invokeProvider(SurefireStarter.java:175)
	at org.apache.maven.surefire.booter.SurefireStarter.runSuitesInProcessWhenForked(SurefireStarter.java:107)
	at org.apache.maven.surefire.booter.ForkedBooter.main(ForkedBooter.java:68)
Caused by: java.lang.ClassNotFoundException: org.apache.log.format.Formatter
	at java.net.URLClassLoader.findClass(URLClassLoader.java:381)
	at java.lang.ClassLoader.loadClass(ClassLoader.java:424)
	at sun.misc.Launcher$AppClassLoader.loadClass(Launcher.java:331)
	at java.lang.ClassLoader.loadClass(ClassLoader.java:357)
	... 42 more
2015-10-26 12:54:24,252 - Trying to use logger class org.apache.velocity.runtime.log.Log4JLogChute
2015-10-26 12:54:24,252 - Using logger class org.apache.velocity.runtime.log.Log4JLogChute
2015-10-26 12:54:24,255 - Default ResourceManager initializing. (class org.apache.velocity.runtime.resource.ResourceManagerImpl)
2015-10-26 12:54:24,260 - ResourceLoader instantiated: org.apache.velocity.runtime.resource.loader.FileResourceLoader
2015-10-26 12:54:24,261 - Do unicode file recognition:  false
2015-10-26 12:54:24,261 - FileResourceLoader : adding path '.'
2015-10-26 12:54:24,273 - ResourceCache: initialized (class org.apache.velocity.runtime.resource.ResourceCacheImpl)
2015-10-26 12:54:24,274 - Loaded System Directive: org.apache.velocity.runtime.directive.Literal
2015-10-26 12:54:24,276 - Loaded System Directive: org.apache.velocity.runtime.directive.Macro
2015-10-26 12:54:24,277 - Loaded System Directive: org.apache.velocity.runtime.directive.Parse
2015-10-26 12:54:24,279 - Loaded System Directive: org.apache.velocity.runtime.directive.Include
2015-10-26 12:54:24,280 - Loaded System Directive: org.apache.velocity.runtime.directive.Foreach
2015-10-26 12:54:24,303 - Created '20' parsers.
2015-10-26 12:54:24,309 - Velocimacro : "velocimacro.library" is not set.  Trying default library: VM_global_library.vm
2015-10-26 12:54:24,310 - Velocimacro : Default library not found.
2015-10-26 12:54:24,310 - Velocimacro : allowInline = true : VMs can be defined inline in templates
2015-10-26 12:54:24,310 - Velocimacro : allowInlineToOverride = false : VMs defined inline may NOT replace previous VM definitions
2015-10-26 12:54:24,310 - Velocimacro : allowInlineLocal = false : VMs defined inline will be global in scope if allowed.
2015-10-26 12:54:24,310 - Velocimacro : autoload off : VM system will not automatically reload global library macros
